<?xml version="1.0" encoding="UTF-8"?>
<!-- Generated by org.testng.reporters.JUnitReportReporter -->
<testsuite skipped="0" hostname="TVT-A-EC-735" name="AgentuiLatest.AgentuiLatest.Test_Base" tests="2" failures="0" timestamp="31 Jan 2020 08:59:04 GMT" time="50.201" errors="0">
  <testcase name="AgentLogin" time="47.646" classname="AgentuiLatest.AgentuiLatest.Test_Base"/>
  <testcase name="Ready_button" time="2.555" classname="AgentuiLatest.AgentuiLatest.Test_Base"/>
</testsuite> <!-- AgentuiLatest.AgentuiLatest.Test_Base -->
